# JRE version: Java(TM) SE Runtime Environment (17.0.12+8) (build 17.0.12+8-LTS-286)
# Java VM: Java HotSpot(TM) 64-Bit Server VM (17.0.12+8-LTS-286, mixed mode, sharing, tiered, compressed oops, compressed class ptrs, g1 gc, windows-amd64)
GC Precious Log:
 CPUs: 8 total, 8 available
 Memory: 16194M
 Large Page Support: Disabled
 NUMA Support: Disabled
 Compressed Oops: Enabled (Zero based)
 Heap Region Size: 2M
 Heap Min Capacity: 512M
 Heap Initial Capacity: 512M
 Heap Max Capacity: 4G
 Pre-touch: Disabled
 Parallel Workers: 8
 Concurrent Workers: 2
 Concurrent Refinement Workers: 8
 Periodic GC: Disabled
Heap:
 garbage-first heap   total 524288K, used 312966K [0x0000000700000000, 0x0000000800000000)
  region size 2048K, 131 young (268288K), 13 survivors (26624K)
 Metaspace       used 59091K, committed 59648K, reserved 1114112K
  class space    used 8248K, committed 8512K, reserved 1048576K
GC Heap History (8 events):
Event: 1.507 GC heap before
{Heap before GC invocations=0 (full 0):
 garbage-first heap   total 524288K, used 28672K [0x0000000700000000, 0x0000000800000000)
  region size 2048K, 12 young (24576K), 0 survivors (0K)
 Metaspace       used 3116K, committed 3264K, reserved 1114112K
  class space    used 397K, committed 448K, reserved 1048576K
}
Event: 1.514 GC heap after
{Heap after GC invocations=1 (full 0):
 garbage-first heap   total 524288K, used 10328K [0x0000000700000000, 0x0000000800000000)
  region size 2048K, 2 young (4096K), 2 survivors (4096K)
 Metaspace       used 3116K, committed 3264K, reserved 1114112K
  class space    used 397K, committed 448K, reserved 1048576K
}
Event: 2.568 GC heap before
{Heap before GC invocations=1 (full 0):
 garbage-first heap   total 524288K, used 39000K [0x0000000700000000, 0x0000000800000000)
  region size 2048K, 16 young (32768K), 2 survivors (4096K)
 Metaspace       used 4001K, committed 4160K, reserved 1114112K
  class space    used 490K, committed 576K, reserved 1048576K
}
Event: 2.571 GC heap after
{Heap after GC invocations=2 (full 0):
 garbage-first heap   total 524288K, used 11234K [0x0000000700000000, 0x0000000800000000)
  region size 2048K, 1 young (2048K), 1 survivors (2048K)
 Metaspace       used 4001K, committed 4160K, reserved 1114112K
  class space    used 490K, committed 576K, reserved 1048576K
}
Event: 6.041 GC heap before
{Heap before GC invocations=2 (full 0):
 garbage-first heap   total 524288K, used 132066K [0x0000000700000000, 0x0000000800000000)
  region size 2048K, 61 young (124928K), 1 survivors (2048K)
 Metaspace       used 21215K, committed 21504K, reserved 1114112K
  class space    used 3125K, committed 3264K, reserved 1048576K
}
Event: 6.051 GC heap after
{Heap after GC invocations=3 (full 0):
 garbage-first heap   total 524288K, used 22281K [0x0000000700000000, 0x0000000800000000)
  region size 2048K, 6 young (12288K), 6 survivors (12288K)
 Metaspace       used 21215K, committed 21504K, reserved 1114112K
  class space    used 3125K, committed 3264K, reserved 1048576K
}
Event: 8.904 GC heap before
{Heap before GC invocations=4 (full 0):
 garbage-first heap   total 524288K, used 173833K [0x0000000700000000, 0x0000000800000000)
  region size 2048K, 68 young (139264K), 6 survivors (12288K)
 Metaspace       used 35679K, committed 36096K, reserved 1114112K
  class space    used 4971K, committed 5184K, reserved 1048576K
}
Event: 8.923 GC heap after
{Heap after GC invocations=5 (full 0):
 garbage-first heap   total 524288K, used 61062K [0x0000000700000000, 0x0000000800000000)
  region size 2048K, 13 young (26624K), 13 survivors (26624K)
 Metaspace       used 35679K, committed 36096K, reserved 1114112K
  class space    used 4971K, committed 5184K, reserved 1048576K
}

